<?xml version="1.0" encoding="UTF-8"?>
<!-- Generated by org.testng.reporters.JUnitReportReporter -->
<testsuite skipped="0" hostname="SR-HP" name="testCase.POST_Or_Create_A_Product" tests="1" failures="0" timestamp="01 Mar 2021 03:43:32 GMT" time="2.829" errors="0">
  <testcase name="read_All_Products" time="2.829" classname="testCase.POST_Or_Create_A_Product"/>
</testsuite> <!-- testCase.POST_Or_Create_A_Product -->
