<?xml version="1.0" encoding="UTF-8"?>
<!-- Generated by org.testng.reporters.JUnitReportReporter -->
<testsuite skipped="0" hostname="SR-HP" name="testCase.Read_A_Product" tests="1" failures="0" timestamp="27 Feb 2021 19:38:38 GMT" time="2.818" errors="0">
  <testcase name="read_All_Products" time="2.818" classname="testCase.Read_A_Product"/>
</testsuite> <!-- testCase.Read_A_Product -->
