<?xml version="1.0" encoding="UTF-8"?>
<!-- Generated by org.testng.reporters.JUnitReportReporter -->
<testsuite skipped="0" hostname="SR-HP" name="testCase.DELETE_A_Product" tests="1" failures="0" timestamp="28 Feb 2021 17:51:47 GMT" time="2.638" errors="0">
  <testcase name="delete_A_Product" time="2.638" classname="testCase.DELETE_A_Product"/>
</testsuite> <!-- testCase.DELETE_A_Product -->
