<?xml version="1.0" encoding="UTF-8"?>
<!-- Generated by org.testng.reporters.JUnitReportReporter -->
<testsuite skipped="0" hostname="SR-HP" name="testCase.Read_A_Product" tests="1" failures="0" timestamp="01 Mar 2021 04:08:47 GMT" time="3.420" errors="0">
  <testcase name="read_A_Products" time="3.420" classname="testCase.Read_A_Product"/>
</testsuite> <!-- testCase.Read_A_Product -->
