<?xml version="1.0" encoding="UTF-8"?>
<!-- Generated by org.testng.reporters.JUnitReportReporter -->
<testsuite skipped="0" hostname="SR-HP" name="testCase.GET_Or_Read_All_Products" tests="1" failures="0" timestamp="01 Mar 2021 04:07:52 GMT" time="2.914" errors="0">
  <testcase name="read_All_Products" time="2.914" classname="testCase.GET_Or_Read_All_Products"/>
</testsuite> <!-- testCase.GET_Or_Read_All_Products -->
