<?xml version="1.0" encoding="UTF-8"?>
<!-- Generated by org.testng.reporters.JUnitReportReporter -->
<testsuite skipped="0" hostname="SR-HP" name="testCase.POST_Or_Create_A_Product" tests="1" failures="0" timestamp="27 Feb 2021 19:32:59 GMT" time="3.216" errors="0">
  <testcase name="read_All_Products" time="3.216" classname="testCase.POST_Or_Create_A_Product"/>
</testsuite> <!-- testCase.POST_Or_Create_A_Product -->
