<?xml version="1.0" encoding="UTF-8"?>
<!-- Generated by org.testng.reporters.JUnitReportReporter -->
<testsuite skipped="0" hostname="SR-HP" name="testCase.Put_Or_Update_A_Product" tests="1" failures="0" timestamp="01 Mar 2021 04:14:30 GMT" time="3.585" errors="0">
  <testcase name="Update_A_Product" time="3.585" classname="testCase.Put_Or_Update_A_Product"/>
</testsuite> <!-- testCase.Put_Or_Update_A_Product -->
